        -:    0:Source:PiezasTest.cpp
        -:    0:Programs:2
        -:    1:/**
        -:    2: * Unit Tests for Piezas
        -:    3:**/
        -:    4:
        -:    5:#include <gtest/gtest.h>
        -:    6:#include "Piezas.h"
        -:    7:#include <string>
        -:    8:using namespace std;
        -:    9:
        -:   10:class PiezasTest : public ::testing::Test
        -:   11:{
        -:   12:	protected:
        -:   13:		PiezasTest(){} //constructor runs before each test
        -:   14:		virtual ~PiezasTest(){} //destructor cleans up after tests
        -:   15:		virtual void SetUp(){} //sets up before each test (after constructor)
        -:   16:		virtual void TearDown(){} //clean up after each test, (before destructor)
        -:   17:};
        -:   18:
function _ZN27PiezasTest_sanityCheck_TestC2Ev called 1 returned 100% blocks executed 100%
function _ZN27PiezasTest_sanityCheck_TestD0Ev called 1 returned 100% blocks executed 100%
function _ZN27PiezasTest_sanityCheck_TestD2Ev called 1 returned 100% blocks executed 75%
function _ZN27PiezasTest_sanityCheck_Test8TestBodyEv called 1 returned 100% blocks executed 36%
        5:   19:TEST(PiezasTest, sanityCheck)
call    0 returned 1
call    1 returned 1
call    2 returned 1
call    3 returned 1
call    4 returned 1
call    5 returned 1
call    6 returned 1
call    7 returned 1
branch  8 taken 1 (fallthrough)
branch  9 taken 0 (throw)
call   10 returned 1
branch 11 taken 1 (fallthrough)
branch 12 taken 0 (throw)
call   13 returned 1
branch 14 taken 1 (fallthrough)
branch 15 taken 0 (throw)
call   16 returned 1
call   17 returned 1
call   18 returned 1
call   19 never executed
call   20 never executed
call   21 never executed
call   22 never executed
call   23 returned 1
call   24 returned 1
call   25 returned 1
branch 26 taken 0 (fallthrough)
branch 27 taken 1
call   28 never executed
        -:   20:{
        1:   21:	ASSERT_TRUE(true);
call    0 returned 1
call    1 returned 1
branch  2 taken 0 (fallthrough)
branch  3 taken 1
call    4 never executed
branch  5 never executed
branch  6 never executed
call    7 never executed
branch  8 never executed
branch  9 never executed
call   10 never executed
call   11 never executed
branch 12 never executed
branch 13 never executed
call   14 never executed
branch 15 never executed
branch 16 never executed
call   17 never executed
call   18 never executed
call   19 never executed
call   20 returned 1
branch 21 taken 1
branch 22 taken 0
call   23 never executed
call   24 never executed
call   25 never executed
call   26 never executed
        -:   22:}
        -:   23:
        -:   24://Test for empty board should return Invalid
function _ZN26PiezasTest_resetBoard_TestC2Ev called 1 returned 100% blocks executed 100%
function _ZN26PiezasTest_resetBoard_TestD0Ev called 1 returned 100% blocks executed 100%
function _ZN26PiezasTest_resetBoard_TestD2Ev called 1 returned 100% blocks executed 75%
function _ZN26PiezasTest_resetBoard_Test8TestBodyEv called 1 returned 100% blocks executed 47%
        5:   25:TEST(PiezasTest, resetBoard)
call    0 returned 1
call    1 returned 1
call    2 returned 1
call    3 returned 1
call    4 returned 1
call    5 returned 1
call    6 returned 1
call    7 returned 1
branch  8 taken 1 (fallthrough)
branch  9 taken 0 (throw)
call   10 returned 1
branch 11 taken 1 (fallthrough)
branch 12 taken 0 (throw)
call   13 returned 1
branch 14 taken 1 (fallthrough)
branch 15 taken 0 (throw)
call   16 returned 1
call   17 returned 1
call   18 returned 1
call   19 never executed
call   20 never executed
call   21 never executed
call   22 never executed
call   23 returned 1
call   24 returned 1
call   25 returned 1
branch 26 taken 0 (fallthrough)
branch 27 taken 1
call   28 never executed
        -:   26:{
        2:   27:  Piezas board;
call    0 returned 1
branch  1 taken 1 (fallthrough)
branch  2 taken 0 (throw)
call    3 never executed
        1:   28:  board.reset();
call    0 returned 1
branch  1 taken 1 (fallthrough)
branch  2 taken 0 (throw)
        1:   29:  Piece res = board.gameState();
call    0 returned 1
branch  1 taken 1 (fallthrough)
branch  2 taken 0 (throw)
        1:   30:	ASSERT_EQ(res, Invalid);
call    0 returned 1
branch  1 taken 1 (fallthrough)
branch  2 taken 0 (throw)
call    3 returned 1
branch  4 taken 0 (fallthrough)
branch  5 taken 1
call    6 never executed
branch  7 never executed
branch  8 never executed
call    9 never executed
call   10 never executed
branch 11 never executed
branch 12 never executed
call   13 never executed
branch 14 never executed
branch 15 never executed
call   16 never executed
call   17 never executed
call   18 returned 1
branch 19 taken 1
branch 20 taken 0
call   21 returned 1
branch 22 taken 1
branch 23 taken 0
call   24 never executed
call   25 never executed
call   26 never executed
        -:   31:}
        -:   32:
        -:   33://Test to see if constructor sets empty board, should return Invalid
function _ZN26PiezasTest_blankBoard_TestC2Ev called 1 returned 100% blocks executed 100%
function _ZN26PiezasTest_blankBoard_TestD0Ev called 1 returned 100% blocks executed 100%
function _ZN26PiezasTest_blankBoard_TestD2Ev called 1 returned 100% blocks executed 75%
function _ZN26PiezasTest_blankBoard_Test8TestBodyEv called 1 returned 100% blocks executed 46%
        5:   34:TEST(PiezasTest, blankBoard)
call    0 returned 1
call    1 returned 1
call    2 returned 1
call    3 returned 1
call    4 returned 1
call    5 returned 1
call    6 returned 1
call    7 returned 1
branch  8 taken 1 (fallthrough)
branch  9 taken 0 (throw)
call   10 returned 1
branch 11 taken 1 (fallthrough)
branch 12 taken 0 (throw)
call   13 returned 1
branch 14 taken 1 (fallthrough)
branch 15 taken 0 (throw)
call   16 returned 1
call   17 returned 1
call   18 returned 1
call   19 never executed
call   20 never executed
call   21 never executed
call   22 never executed
call   23 returned 1
call   24 returned 1
call   25 returned 1
branch 26 taken 0 (fallthrough)
branch 27 taken 1
call   28 never executed
        -:   35:{
        2:   36:  Piezas board;
call    0 returned 1
branch  1 taken 1 (fallthrough)
branch  2 taken 0 (throw)
call    3 never executed
        1:   37:  Piece res = board.gameState();
call    0 returned 1
branch  1 taken 1 (fallthrough)
branch  2 taken 0 (throw)
        1:   38:	ASSERT_EQ(res, Invalid);
call    0 returned 1
branch  1 taken 1 (fallthrough)
branch  2 taken 0 (throw)
call    3 returned 1
branch  4 taken 0 (fallthrough)
branch  5 taken 1
call    6 never executed
branch  7 never executed
branch  8 never executed
call    9 never executed
call   10 never executed
branch 11 never executed
branch 12 never executed
call   13 never executed
branch 14 never executed
branch 15 never executed
call   16 never executed
call   17 never executed
call   18 returned 1
branch 19 taken 1
branch 20 taken 0
call   21 returned 1
branch 22 taken 1
branch 23 taken 0
call   24 never executed
call   25 never executed
call   26 never executed
        -:   39:}
        -:   40:
        -:   41://Test to dropPiece, column is greater than 3 should return Invalid
function _ZN29PiezasTest_invalidColumn_TestC2Ev called 1 returned 100% blocks executed 100%
function _ZN29PiezasTest_invalidColumn_TestD0Ev called 1 returned 100% blocks executed 100%
function _ZN29PiezasTest_invalidColumn_TestD2Ev called 1 returned 100% blocks executed 75%
function _ZN29PiezasTest_invalidColumn_Test8TestBodyEv called 1 returned 100% blocks executed 46%
        5:   42:TEST(PiezasTest, invalidColumn)
call    0 returned 1
call    1 returned 1
call    2 returned 1
call    3 returned 1
call    4 returned 1
call    5 returned 1
call    6 returned 1
call    7 returned 1
branch  8 taken 1 (fallthrough)
branch  9 taken 0 (throw)
call   10 returned 1
branch 11 taken 1 (fallthrough)
branch 12 taken 0 (throw)
call   13 returned 1
branch 14 taken 1 (fallthrough)
branch 15 taken 0 (throw)
call   16 returned 1
call   17 returned 1
call   18 returned 1
call   19 never executed
call   20 never executed
call   21 never executed
call   22 never executed
call   23 returned 1
call   24 returned 1
call   25 returned 1
branch 26 taken 0 (fallthrough)
branch 27 taken 1
call   28 never executed
        -:   43:{
        2:   44:  Piezas board;
call    0 returned 1
branch  1 taken 1 (fallthrough)
branch  2 taken 0 (throw)
call    3 never executed
        1:   45:  Piece res = board.dropPiece(4);
call    0 returned 1
branch  1 taken 1 (fallthrough)
branch  2 taken 0 (throw)
        1:   46:	ASSERT_EQ(res, Invalid);
call    0 returned 1
branch  1 taken 1 (fallthrough)
branch  2 taken 0 (throw)
call    3 returned 1
branch  4 taken 0 (fallthrough)
branch  5 taken 1
call    6 never executed
branch  7 never executed
branch  8 never executed
call    9 never executed
call   10 never executed
branch 11 never executed
branch 12 never executed
call   13 never executed
branch 14 never executed
branch 15 never executed
call   16 never executed
call   17 never executed
call   18 returned 1
branch 19 taken 1
branch 20 taken 0
call   21 returned 1
branch 22 taken 1
branch 23 taken 0
call   24 never executed
call   25 never executed
call   26 never executed
        -:   47:}
        -:   48:
        -:   49://Test to see if we can drop a piece should return with same input
function _ZN29PiezasTest_dropPieceTest_TestC2Ev called 1 returned 100% blocks executed 100%
function _ZN29PiezasTest_dropPieceTest_TestD0Ev called 1 returned 100% blocks executed 100%
function _ZN29PiezasTest_dropPieceTest_TestD2Ev called 1 returned 100% blocks executed 75%
function _ZN29PiezasTest_dropPieceTest_Test8TestBodyEv called 1 returned 100% blocks executed 46%
        5:   50:TEST(PiezasTest, dropPieceTest)
call    0 returned 1
call    1 returned 1
call    2 returned 1
call    3 returned 1
call    4 returned 1
call    5 returned 1
call    6 returned 1
call    7 returned 1
branch  8 taken 1 (fallthrough)
branch  9 taken 0 (throw)
call   10 returned 1
branch 11 taken 1 (fallthrough)
branch 12 taken 0 (throw)
call   13 returned 1
branch 14 taken 1 (fallthrough)
branch 15 taken 0 (throw)
call   16 returned 1
call   17 returned 1
call   18 returned 1
call   19 never executed
call   20 never executed
call   21 never executed
call   22 never executed
call   23 returned 1
call   24 returned 1
call   25 returned 1
branch 26 taken 0 (fallthrough)
branch 27 taken 1
call   28 never executed
        -:   51:{
        2:   52:  Piezas board;
call    0 returned 1
branch  1 taken 1 (fallthrough)
branch  2 taken 0 (throw)
call    3 never executed
        1:   53:  Piece res = board.dropPiece(3);
call    0 returned 1
branch  1 taken 1 (fallthrough)
branch  2 taken 0 (throw)
        1:   54:	ASSERT_EQ(res, X);
call    0 returned 1
branch  1 taken 1 (fallthrough)
branch  2 taken 0 (throw)
call    3 returned 1
branch  4 taken 0 (fallthrough)
branch  5 taken 1
call    6 never executed
branch  7 never executed
branch  8 never executed
call    9 never executed
call   10 never executed
branch 11 never executed
branch 12 never executed
call   13 never executed
branch 14 never executed
branch 15 never executed
call   16 never executed
call   17 never executed
call   18 returned 1
branch 19 taken 1
branch 20 taken 0
call   21 returned 1
branch 22 taken 1
branch 23 taken 0
call   24 never executed
call   25 never executed
call   26 never executed
        -:   55:}
        -:   56:
        -:   57://Test to see if droping a piece in a full column will return blankBoard
function _ZN29PiezasTest_DontDropPiece_TestC2Ev called 1 returned 100% blocks executed 100%
function _ZN29PiezasTest_DontDropPiece_TestD0Ev called 1 returned 100% blocks executed 100%
function _ZN29PiezasTest_DontDropPiece_TestD2Ev called 1 returned 100% blocks executed 75%
function _ZN29PiezasTest_DontDropPiece_Test8TestBodyEv called 1 returned 100% blocks executed 50%
        5:   58:TEST(PiezasTest, DontDropPiece)
call    0 returned 1
call    1 returned 1
call    2 returned 1
call    3 returned 1
call    4 returned 1
call    5 returned 1
call    6 returned 1
call    7 returned 1
branch  8 taken 1 (fallthrough)
branch  9 taken 0 (throw)
call   10 returned 1
branch 11 taken 1 (fallthrough)
branch 12 taken 0 (throw)
call   13 returned 1
branch 14 taken 1 (fallthrough)
branch 15 taken 0 (throw)
call   16 returned 1
call   17 returned 1
call   18 returned 1
call   19 never executed
call   20 never executed
call   21 never executed
call   22 never executed
call   23 returned 1
call   24 returned 1
call   25 returned 1
branch 26 taken 0 (fallthrough)
branch 27 taken 1
call   28 never executed
        -:   59:{
        2:   60:  Piezas board;
call    0 returned 1
branch  1 taken 1 (fallthrough)
branch  2 taken 0 (throw)
call    3 never executed
        1:   61:  board.dropPiece(3);
call    0 returned 1
branch  1 taken 1 (fallthrough)
branch  2 taken 0 (throw)
        1:   62:  board.dropPiece(3);
call    0 returned 1
branch  1 taken 1 (fallthrough)
branch  2 taken 0 (throw)
        1:   63:  board.dropPiece(3);
call    0 returned 1
branch  1 taken 1 (fallthrough)
branch  2 taken 0 (throw)
        1:   64:  Piece res = board.dropPiece(3);
call    0 returned 1
branch  1 taken 1 (fallthrough)
branch  2 taken 0 (throw)
        1:   65:	ASSERT_EQ(res, Blank);
call    0 returned 1
branch  1 taken 1 (fallthrough)
branch  2 taken 0 (throw)
call    3 returned 1
branch  4 taken 0 (fallthrough)
branch  5 taken 1
call    6 never executed
branch  7 never executed
branch  8 never executed
call    9 never executed
call   10 never executed
branch 11 never executed
branch 12 never executed
call   13 never executed
branch 14 never executed
branch 15 never executed
call   16 never executed
call   17 never executed
call   18 returned 1
branch 19 taken 1
branch 20 taken 0
call   21 returned 1
branch 22 taken 1
branch 23 taken 0
call   24 never executed
call   25 never executed
call   26 never executed
        -:   66:}
        -:   67:
        -:   68://Test to see if dropPiece is toggling turns, return with O
function _ZN35PiezasTest_ToggleTurnDropPiece_TestC2Ev called 1 returned 100% blocks executed 100%
function _ZN35PiezasTest_ToggleTurnDropPiece_TestD0Ev called 1 returned 100% blocks executed 100%
function _ZN35PiezasTest_ToggleTurnDropPiece_TestD2Ev called 1 returned 100% blocks executed 75%
function _ZN35PiezasTest_ToggleTurnDropPiece_Test8TestBodyEv called 1 returned 100% blocks executed 47%
        5:   69:TEST(PiezasTest, ToggleTurnDropPiece)
call    0 returned 1
call    1 returned 1
call    2 returned 1
call    3 returned 1
call    4 returned 1
call    5 returned 1
call    6 returned 1
call    7 returned 1
branch  8 taken 1 (fallthrough)
branch  9 taken 0 (throw)
call   10 returned 1
branch 11 taken 1 (fallthrough)
branch 12 taken 0 (throw)
call   13 returned 1
branch 14 taken 1 (fallthrough)
branch 15 taken 0 (throw)
call   16 returned 1
call   17 returned 1
call   18 returned 1
call   19 never executed
call   20 never executed
call   21 never executed
call   22 never executed
call   23 returned 1
call   24 returned 1
call   25 returned 1
branch 26 taken 0 (fallthrough)
branch 27 taken 1
call   28 never executed
        -:   70:{
        2:   71:  Piezas board;
call    0 returned 1
branch  1 taken 1 (fallthrough)
branch  2 taken 0 (throw)
call    3 never executed
        1:   72:  board.dropPiece(3);
call    0 returned 1
branch  1 taken 1 (fallthrough)
branch  2 taken 0 (throw)
        1:   73:  Piece res = board.dropPiece(3);
call    0 returned 1
branch  1 taken 1 (fallthrough)
branch  2 taken 0 (throw)
        1:   74:	ASSERT_EQ(res, O);
call    0 returned 1
branch  1 taken 1 (fallthrough)
branch  2 taken 0 (throw)
call    3 returned 1
branch  4 taken 0 (fallthrough)
branch  5 taken 1
call    6 never executed
branch  7 never executed
branch  8 never executed
call    9 never executed
call   10 never executed
branch 11 never executed
branch 12 never executed
call   13 never executed
branch 14 never executed
branch 15 never executed
call   16 never executed
call   17 never executed
call   18 returned 1
branch 19 taken 1
branch 20 taken 0
call   21 returned 1
branch 22 taken 1
branch 23 taken 0
call   24 never executed
call   25 never executed
call   26 never executed
        -:   75:}
        -:   76:
        -:   77://Test pieceAt for out of bound row, should return Invalid
function _ZN29PiezasTest_outOfBoundRow_TestC2Ev called 1 returned 100% blocks executed 100%
function _ZN29PiezasTest_outOfBoundRow_TestD0Ev called 1 returned 100% blocks executed 100%
function _ZN29PiezasTest_outOfBoundRow_TestD2Ev called 1 returned 100% blocks executed 75%
function _ZN29PiezasTest_outOfBoundRow_Test8TestBodyEv called 1 returned 100% blocks executed 46%
        5:   78:TEST(PiezasTest, outOfBoundRow)
call    0 returned 1
call    1 returned 1
call    2 returned 1
call    3 returned 1
call    4 returned 1
call    5 returned 1
call    6 returned 1
call    7 returned 1
branch  8 taken 1 (fallthrough)
branch  9 taken 0 (throw)
call   10 returned 1
branch 11 taken 1 (fallthrough)
branch 12 taken 0 (throw)
call   13 returned 1
branch 14 taken 1 (fallthrough)
branch 15 taken 0 (throw)
call   16 returned 1
call   17 returned 1
call   18 returned 1
call   19 never executed
call   20 never executed
call   21 never executed
call   22 never executed
call   23 returned 1
call   24 returned 1
call   25 returned 1
branch 26 taken 0 (fallthrough)
branch 27 taken 1
call   28 never executed
        -:   79:{
        2:   80:  Piezas board;
call    0 returned 1
branch  1 taken 1 (fallthrough)
branch  2 taken 0 (throw)
call    3 never executed
        1:   81:  Piece res = board.pieceAt(3,3);
call    0 returned 1
branch  1 taken 1 (fallthrough)
branch  2 taken 0 (throw)
        1:   82:	ASSERT_EQ(res, Invalid);
call    0 returned 1
branch  1 taken 1 (fallthrough)
branch  2 taken 0 (throw)
call    3 returned 1
branch  4 taken 0 (fallthrough)
branch  5 taken 1
call    6 never executed
branch  7 never executed
branch  8 never executed
call    9 never executed
call   10 never executed
branch 11 never executed
branch 12 never executed
call   13 never executed
branch 14 never executed
branch 15 never executed
call   16 never executed
call   17 never executed
call   18 returned 1
branch 19 taken 1
branch 20 taken 0
call   21 returned 1
branch 22 taken 1
branch 23 taken 0
call   24 never executed
call   25 never executed
call   26 never executed
        -:   83:}
        -:   84:
        -:   85://Test pieceAt for out of bound row, should return Invalid
function _ZN32PiezasTest_outOfBoundRowNeg_TestC2Ev called 1 returned 100% blocks executed 100%
function _ZN32PiezasTest_outOfBoundRowNeg_TestD0Ev called 1 returned 100% blocks executed 100%
function _ZN32PiezasTest_outOfBoundRowNeg_TestD2Ev called 1 returned 100% blocks executed 75%
function _ZN32PiezasTest_outOfBoundRowNeg_Test8TestBodyEv called 1 returned 100% blocks executed 46%
        5:   86:TEST(PiezasTest, outOfBoundRowNeg)
call    0 returned 1
call    1 returned 1
call    2 returned 1
call    3 returned 1
call    4 returned 1
call    5 returned 1
call    6 returned 1
call    7 returned 1
branch  8 taken 1 (fallthrough)
branch  9 taken 0 (throw)
call   10 returned 1
branch 11 taken 1 (fallthrough)
branch 12 taken 0 (throw)
call   13 returned 1
branch 14 taken 1 (fallthrough)
branch 15 taken 0 (throw)
call   16 returned 1
call   17 returned 1
call   18 returned 1
call   19 never executed
call   20 never executed
call   21 never executed
call   22 never executed
call   23 returned 1
call   24 returned 1
call   25 returned 1
branch 26 taken 0 (fallthrough)
branch 27 taken 1
call   28 never executed
        -:   87:{
        2:   88:  Piezas board;
call    0 returned 1
branch  1 taken 1 (fallthrough)
branch  2 taken 0 (throw)
call    3 never executed
        1:   89:  Piece res = board.pieceAt(-1,3);
call    0 returned 1
branch  1 taken 1 (fallthrough)
branch  2 taken 0 (throw)
        1:   90:	ASSERT_EQ(res, Invalid);
call    0 returned 1
branch  1 taken 1 (fallthrough)
branch  2 taken 0 (throw)
call    3 returned 1
branch  4 taken 0 (fallthrough)
branch  5 taken 1
call    6 never executed
branch  7 never executed
branch  8 never executed
call    9 never executed
call   10 never executed
branch 11 never executed
branch 12 never executed
call   13 never executed
branch 14 never executed
branch 15 never executed
call   16 never executed
call   17 never executed
call   18 returned 1
branch 19 taken 1
branch 20 taken 0
call   21 returned 1
branch 22 taken 1
branch 23 taken 0
call   24 never executed
call   25 never executed
call   26 never executed
        -:   91:}
        -:   92:
        -:   93://Test pieceAt for out of bound column, should return Invalid
function _ZN29PiezasTest_outOfBoundCol_TestC2Ev called 1 returned 100% blocks executed 100%
function _ZN29PiezasTest_outOfBoundCol_TestD0Ev called 1 returned 100% blocks executed 100%
function _ZN29PiezasTest_outOfBoundCol_TestD2Ev called 1 returned 100% blocks executed 75%
function _ZN29PiezasTest_outOfBoundCol_Test8TestBodyEv called 1 returned 100% blocks executed 46%
        5:   94:TEST(PiezasTest, outOfBoundCol)
call    0 returned 1
call    1 returned 1
call    2 returned 1
call    3 returned 1
call    4 returned 1
call    5 returned 1
call    6 returned 1
call    7 returned 1
branch  8 taken 1 (fallthrough)
branch  9 taken 0 (throw)
call   10 returned 1
branch 11 taken 1 (fallthrough)
branch 12 taken 0 (throw)
call   13 returned 1
branch 14 taken 1 (fallthrough)
branch 15 taken 0 (throw)
call   16 returned 1
call   17 returned 1
call   18 returned 1
call   19 never executed
call   20 never executed
call   21 never executed
call   22 never executed
call   23 returned 1
call   24 returned 1
call   25 returned 1
branch 26 taken 0 (fallthrough)
branch 27 taken 1
call   28 never executed
        -:   95:{
        2:   96:  Piezas board;
call    0 returned 1
branch  1 taken 1 (fallthrough)
branch  2 taken 0 (throw)
call    3 never executed
        1:   97:  Piece res = board.pieceAt(2,4);
call    0 returned 1
branch  1 taken 1 (fallthrough)
branch  2 taken 0 (throw)
        1:   98:	ASSERT_EQ(res, Invalid);
call    0 returned 1
branch  1 taken 1 (fallthrough)
branch  2 taken 0 (throw)
call    3 returned 1
branch  4 taken 0 (fallthrough)
branch  5 taken 1
call    6 never executed
branch  7 never executed
branch  8 never executed
call    9 never executed
call   10 never executed
branch 11 never executed
branch 12 never executed
call   13 never executed
branch 14 never executed
branch 15 never executed
call   16 never executed
call   17 never executed
call   18 returned 1
branch 19 taken 1
branch 20 taken 0
call   21 returned 1
branch 22 taken 1
branch 23 taken 0
call   24 never executed
call   25 never executed
call   26 never executed
        -:   99:}
        -:  100:
        -:  101://Test pieceAt for out of bound column, should return Invalid
function _ZN32PiezasTest_outOfBoundColNeg_TestC2Ev called 1 returned 100% blocks executed 100%
function _ZN32PiezasTest_outOfBoundColNeg_TestD0Ev called 1 returned 100% blocks executed 100%
function _ZN32PiezasTest_outOfBoundColNeg_TestD2Ev called 1 returned 100% blocks executed 75%
function _ZN32PiezasTest_outOfBoundColNeg_Test8TestBodyEv called 1 returned 100% blocks executed 46%
        5:  102:TEST(PiezasTest, outOfBoundColNeg)
call    0 returned 1
call    1 returned 1
call    2 returned 1
call    3 returned 1
call    4 returned 1
call    5 returned 1
call    6 returned 1
call    7 returned 1
branch  8 taken 1 (fallthrough)
branch  9 taken 0 (throw)
call   10 returned 1
branch 11 taken 1 (fallthrough)
branch 12 taken 0 (throw)
call   13 returned 1
branch 14 taken 1 (fallthrough)
branch 15 taken 0 (throw)
call   16 returned 1
call   17 returned 1
call   18 returned 1
call   19 never executed
call   20 never executed
call   21 never executed
call   22 never executed
call   23 returned 1
call   24 returned 1
call   25 returned 1
branch 26 taken 0 (fallthrough)
branch 27 taken 1
call   28 never executed
        -:  103:{
        2:  104:  Piezas board;
call    0 returned 1
branch  1 taken 1 (fallthrough)
branch  2 taken 0 (throw)
call    3 never executed
        1:  105:  Piece res = board.pieceAt(2,-1);
call    0 returned 1
branch  1 taken 1 (fallthrough)
branch  2 taken 0 (throw)
        1:  106:	ASSERT_EQ(res, Invalid);
call    0 returned 1
branch  1 taken 1 (fallthrough)
branch  2 taken 0 (throw)
call    3 returned 1
branch  4 taken 0 (fallthrough)
branch  5 taken 1
call    6 never executed
branch  7 never executed
branch  8 never executed
call    9 never executed
call   10 never executed
branch 11 never executed
branch 12 never executed
call   13 never executed
branch 14 never executed
branch 15 never executed
call   16 never executed
call   17 never executed
call   18 returned 1
branch 19 taken 1
branch 20 taken 0
call   21 returned 1
branch 22 taken 1
branch 23 taken 0
call   24 never executed
call   25 never executed
call   26 never executed
        -:  107:}
        -:  108:
        -:  109://Test pieceAt for piece, should return X
function _ZN24PiezasTest_pieceAtX_TestC2Ev called 1 returned 100% blocks executed 100%
function _ZN24PiezasTest_pieceAtX_TestD0Ev called 1 returned 100% blocks executed 100%
function _ZN24PiezasTest_pieceAtX_TestD2Ev called 1 returned 100% blocks executed 75%
function _ZN24PiezasTest_pieceAtX_Test8TestBodyEv called 1 returned 100% blocks executed 47%
        5:  110:TEST(PiezasTest, pieceAtX)
call    0 returned 1
call    1 returned 1
call    2 returned 1
call    3 returned 1
call    4 returned 1
call    5 returned 1
call    6 returned 1
call    7 returned 1
branch  8 taken 1 (fallthrough)
branch  9 taken 0 (throw)
call   10 returned 1
branch 11 taken 1 (fallthrough)
branch 12 taken 0 (throw)
call   13 returned 1
branch 14 taken 1 (fallthrough)
branch 15 taken 0 (throw)
call   16 returned 1
call   17 returned 1
call   18 returned 1
call   19 never executed
call   20 never executed
call   21 never executed
call   22 never executed
call   23 returned 1
call   24 returned 1
call   25 returned 1
branch 26 taken 0 (fallthrough)
branch 27 taken 1
call   28 never executed
        -:  111:{
        2:  112:  Piezas board;
call    0 returned 1
branch  1 taken 1 (fallthrough)
branch  2 taken 0 (throw)
call    3 never executed
        1:  113:  board.dropPiece(3);
call    0 returned 1
branch  1 taken 1 (fallthrough)
branch  2 taken 0 (throw)
        1:  114:  Piece res = board.pieceAt(0,3);
call    0 returned 1
branch  1 taken 1 (fallthrough)
branch  2 taken 0 (throw)
        1:  115:	ASSERT_EQ(res, X);
call    0 returned 1
branch  1 taken 1 (fallthrough)
branch  2 taken 0 (throw)
call    3 returned 1
branch  4 taken 0 (fallthrough)
branch  5 taken 1
call    6 never executed
branch  7 never executed
branch  8 never executed
call    9 never executed
call   10 never executed
branch 11 never executed
branch 12 never executed
call   13 never executed
branch 14 never executed
branch 15 never executed
call   16 never executed
call   17 never executed
call   18 returned 1
branch 19 taken 1
branch 20 taken 0
call   21 returned 1
branch 22 taken 1
branch 23 taken 0
call   24 never executed
call   25 never executed
call   26 never executed
        -:  116:}
        -:  117:
        -:  118://Test pieceAt for piece, should return O
function _ZN24PiezasTest_pieceAtO_TestC2Ev called 1 returned 100% blocks executed 100%
function _ZN24PiezasTest_pieceAtO_TestD0Ev called 1 returned 100% blocks executed 100%
function _ZN24PiezasTest_pieceAtO_TestD2Ev called 1 returned 100% blocks executed 75%
function _ZN24PiezasTest_pieceAtO_Test8TestBodyEv called 1 returned 100% blocks executed 49%
        5:  119:TEST(PiezasTest, pieceAtO)
call    0 returned 1
call    1 returned 1
call    2 returned 1
call    3 returned 1
call    4 returned 1
call    5 returned 1
call    6 returned 1
call    7 returned 1
branch  8 taken 1 (fallthrough)
branch  9 taken 0 (throw)
call   10 returned 1
branch 11 taken 1 (fallthrough)
branch 12 taken 0 (throw)
call   13 returned 1
branch 14 taken 1 (fallthrough)
branch 15 taken 0 (throw)
call   16 returned 1
call   17 returned 1
call   18 returned 1
call   19 never executed
call   20 never executed
call   21 never executed
call   22 never executed
call   23 returned 1
call   24 returned 1
call   25 returned 1
branch 26 taken 0 (fallthrough)
branch 27 taken 1
call   28 never executed
        -:  120:{
        2:  121:  Piezas board;
call    0 returned 1
branch  1 taken 1 (fallthrough)
branch  2 taken 0 (throw)
call    3 never executed
        1:  122:  board.dropPiece(3);
call    0 returned 1
branch  1 taken 1 (fallthrough)
branch  2 taken 0 (throw)
        1:  123:  board.dropPiece(3);
call    0 returned 1
branch  1 taken 1 (fallthrough)
branch  2 taken 0 (throw)
        1:  124:  Piece res = board.pieceAt(1,3);
call    0 returned 1
branch  1 taken 1 (fallthrough)
branch  2 taken 0 (throw)
        1:  125:	ASSERT_EQ(res, O);
call    0 returned 1
branch  1 taken 1 (fallthrough)
branch  2 taken 0 (throw)
call    3 returned 1
branch  4 taken 0 (fallthrough)
branch  5 taken 1
call    6 never executed
branch  7 never executed
branch  8 never executed
call    9 never executed
call   10 never executed
branch 11 never executed
branch 12 never executed
call   13 never executed
branch 14 never executed
branch 15 never executed
call   16 never executed
call   17 never executed
call   18 returned 1
branch 19 taken 1
branch 20 taken 0
call   21 returned 1
branch 22 taken 1
branch 23 taken 0
call   24 never executed
call   25 never executed
call   26 never executed
        -:  126:}
        -:  127:
        -:  128://Test pieceAt for empty spot, should return Blank
function _ZN28PiezasTest_pieceAtEmpty_TestC2Ev called 1 returned 100% blocks executed 100%
function _ZN28PiezasTest_pieceAtEmpty_TestD0Ev called 1 returned 100% blocks executed 100%
function _ZN28PiezasTest_pieceAtEmpty_TestD2Ev called 1 returned 100% blocks executed 75%
function _ZN28PiezasTest_pieceAtEmpty_Test8TestBodyEv called 1 returned 100% blocks executed 46%
        5:  129:TEST(PiezasTest, pieceAtEmpty)
call    0 returned 1
call    1 returned 1
call    2 returned 1
call    3 returned 1
call    4 returned 1
call    5 returned 1
call    6 returned 1
call    7 returned 1
branch  8 taken 1 (fallthrough)
branch  9 taken 0 (throw)
call   10 returned 1
branch 11 taken 1 (fallthrough)
branch 12 taken 0 (throw)
call   13 returned 1
branch 14 taken 1 (fallthrough)
branch 15 taken 0 (throw)
call   16 returned 1
call   17 returned 1
call   18 returned 1
call   19 never executed
call   20 never executed
call   21 never executed
call   22 never executed
call   23 returned 1
call   24 returned 1
call   25 returned 1
branch 26 taken 0 (fallthrough)
branch 27 taken 1
call   28 never executed
        -:  130:{
        2:  131:  Piezas board;
call    0 returned 1
branch  1 taken 1 (fallthrough)
branch  2 taken 0 (throw)
call    3 never executed
        1:  132:  Piece res = board.pieceAt(1,3);
call    0 returned 1
branch  1 taken 1 (fallthrough)
branch  2 taken 0 (throw)
        1:  133:	ASSERT_EQ(res, Blank);
call    0 returned 1
branch  1 taken 1 (fallthrough)
branch  2 taken 0 (throw)
call    3 returned 1
branch  4 taken 0 (fallthrough)
branch  5 taken 1
call    6 never executed
branch  7 never executed
branch  8 never executed
call    9 never executed
call   10 never executed
branch 11 never executed
branch 12 never executed
call   13 never executed
branch 14 never executed
branch 15 never executed
call   16 never executed
call   17 never executed
call   18 returned 1
branch 19 taken 1
branch 20 taken 0
call   21 returned 1
branch 22 taken 1
branch 23 taken 0
call   24 never executed
call   25 never executed
call   26 never executed
        -:  134:}
        -:  135:
        -:  136://Test gameState, return tie
function _ZN32PiezasTest_gameStateInvalid_TestC2Ev called 1 returned 100% blocks executed 100%
function _ZN32PiezasTest_gameStateInvalid_TestD0Ev called 1 returned 100% blocks executed 100%
function _ZN32PiezasTest_gameStateInvalid_TestD2Ev called 1 returned 100% blocks executed 75%
function _ZN32PiezasTest_gameStateInvalid_Test8TestBodyEv called 1 returned 100% blocks executed 60%
        5:  137:TEST(PiezasTest, gameStateInvalid)
call    0 returned 1
call    1 returned 1
call    2 returned 1
call    3 returned 1
call    4 returned 1
call    5 returned 1
call    6 returned 1
call    7 returned 1
branch  8 taken 1 (fallthrough)
branch  9 taken 0 (throw)
call   10 returned 1
branch 11 taken 1 (fallthrough)
branch 12 taken 0 (throw)
call   13 returned 1
branch 14 taken 1 (fallthrough)
branch 15 taken 0 (throw)
call   16 returned 1
call   17 returned 1
call   18 returned 1
call   19 never executed
call   20 never executed
call   21 never executed
call   22 never executed
call   23 returned 1
call   24 returned 1
call   25 returned 1
branch 26 taken 0 (fallthrough)
branch 27 taken 1
call   28 never executed
        -:  138:{
        2:  139:  Piezas newGame;
call    0 returned 1
branch  1 taken 1 (fallthrough)
branch  2 taken 0 (throw)
call    3 never executed
        -:  140:  /*board = { {X, O, X, O},
        -:  141:              {X, O, X, O},
        -:  142:              {X, O, X, O}
        -:  143:          };*/
        -:  144:
        1:  145:  newGame.dropPiece(0);//X
call    0 returned 1
branch  1 taken 1 (fallthrough)
branch  2 taken 0 (throw)
        1:  146:  newGame.dropPiece(1);//O
call    0 returned 1
branch  1 taken 1 (fallthrough)
branch  2 taken 0 (throw)
        1:  147:  newGame.dropPiece(0);//X
call    0 returned 1
branch  1 taken 1 (fallthrough)
branch  2 taken 0 (throw)
        1:  148:  newGame.dropPiece(1);//O
call    0 returned 1
branch  1 taken 1 (fallthrough)
branch  2 taken 0 (throw)
        1:  149:  newGame.dropPiece(0);//X
call    0 returned 1
branch  1 taken 1 (fallthrough)
branch  2 taken 0 (throw)
        1:  150:  newGame.dropPiece(1);//O
call    0 returned 1
branch  1 taken 1 (fallthrough)
branch  2 taken 0 (throw)
        1:  151:  newGame.dropPiece(2);//X
call    0 returned 1
branch  1 taken 1 (fallthrough)
branch  2 taken 0 (throw)
        1:  152:  newGame.dropPiece(3);//O
call    0 returned 1
branch  1 taken 1 (fallthrough)
branch  2 taken 0 (throw)
        1:  153:  newGame.dropPiece(2);//X
call    0 returned 1
branch  1 taken 1 (fallthrough)
branch  2 taken 0 (throw)
        1:  154:  newGame.dropPiece(3);//O
call    0 returned 1
branch  1 taken 1 (fallthrough)
branch  2 taken 0 (throw)
        1:  155:  newGame.dropPiece(2);//X
call    0 returned 1
branch  1 taken 1 (fallthrough)
branch  2 taken 0 (throw)
        1:  156:  newGame.dropPiece(3);//O
call    0 returned 1
branch  1 taken 1 (fallthrough)
branch  2 taken 0 (throw)
        -:  157:
        1:  158:  Piece res = newGame.gameState();
call    0 returned 1
branch  1 taken 1 (fallthrough)
branch  2 taken 0 (throw)
        1:  159:	ASSERT_EQ(res, Invalid);
call    0 returned 1
branch  1 taken 1 (fallthrough)
branch  2 taken 0 (throw)
call    3 returned 1
branch  4 taken 0 (fallthrough)
branch  5 taken 1
call    6 never executed
branch  7 never executed
branch  8 never executed
call    9 never executed
call   10 never executed
branch 11 never executed
branch 12 never executed
call   13 never executed
branch 14 never executed
branch 15 never executed
call   16 never executed
call   17 never executed
call   18 returned 1
branch 19 taken 1
branch 20 taken 0
call   21 returned 1
branch 22 taken 1
branch 23 taken 0
call   24 never executed
call   25 never executed
call   26 never executed
        -:  160:}
        -:  161:
        -:  162://Test gameState, return X
function _ZN26PiezasTest_gameStateX_TestC2Ev called 1 returned 100% blocks executed 100%
function _ZN26PiezasTest_gameStateX_TestD0Ev called 1 returned 100% blocks executed 100%
function _ZN26PiezasTest_gameStateX_TestD2Ev called 1 returned 100% blocks executed 75%
function _ZN26PiezasTest_gameStateX_Test8TestBodyEv called 1 returned 100% blocks executed 60%
        5:  163:TEST(PiezasTest, gameStateX)
call    0 returned 1
call    1 returned 1
call    2 returned 1
call    3 returned 1
call    4 returned 1
call    5 returned 1
call    6 returned 1
call    7 returned 1
branch  8 taken 1 (fallthrough)
branch  9 taken 0 (throw)
call   10 returned 1
branch 11 taken 1 (fallthrough)
branch 12 taken 0 (throw)
call   13 returned 1
branch 14 taken 1 (fallthrough)
branch 15 taken 0 (throw)
call   16 returned 1
call   17 returned 1
call   18 returned 1
call   19 never executed
call   20 never executed
call   21 never executed
call   22 never executed
call   23 returned 1
call   24 returned 1
call   25 returned 1
branch 26 taken 0 (fallthrough)
branch 27 taken 1
call   28 never executed
        -:  164:{
        2:  165:  Piezas newGame;
call    0 returned 1
branch  1 taken 1 (fallthrough)
branch  2 taken 0 (throw)
call    3 never executed
        -:  166:  /*board = { {O, O, X, O},
        -:  167:              {O, O, X, O},
        -:  168:              {X, X, X, X}
        -:  169:          };*/
        -:  170:
        1:  171:  newGame.dropPiece(0);//X
call    0 returned 1
branch  1 taken 1 (fallthrough)
branch  2 taken 0 (throw)
        1:  172:  newGame.dropPiece(0);//O
call    0 returned 1
branch  1 taken 1 (fallthrough)
branch  2 taken 0 (throw)
        1:  173:  newGame.dropPiece(1);//X
call    0 returned 1
branch  1 taken 1 (fallthrough)
branch  2 taken 0 (throw)
        1:  174:  newGame.dropPiece(1);//O
call    0 returned 1
branch  1 taken 1 (fallthrough)
branch  2 taken 0 (throw)
        1:  175:  newGame.dropPiece(2);//X
call    0 returned 1
branch  1 taken 1 (fallthrough)
branch  2 taken 0 (throw)
        1:  176:  newGame.dropPiece(0);//O
call    0 returned 1
branch  1 taken 1 (fallthrough)
branch  2 taken 0 (throw)
        1:  177:  newGame.dropPiece(3);//X
call    0 returned 1
branch  1 taken 1 (fallthrough)
branch  2 taken 0 (throw)
        1:  178:  newGame.dropPiece(1);//O
call    0 returned 1
branch  1 taken 1 (fallthrough)
branch  2 taken 0 (throw)
        1:  179:  newGame.dropPiece(2);//X
call    0 returned 1
branch  1 taken 1 (fallthrough)
branch  2 taken 0 (throw)
        1:  180:  newGame.dropPiece(3);//O
call    0 returned 1
branch  1 taken 1 (fallthrough)
branch  2 taken 0 (throw)
        1:  181:  newGame.dropPiece(2);//X
call    0 returned 1
branch  1 taken 1 (fallthrough)
branch  2 taken 0 (throw)
        1:  182:  newGame.dropPiece(3);//O
call    0 returned 1
branch  1 taken 1 (fallthrough)
branch  2 taken 0 (throw)
        -:  183:
        1:  184:  Piece res = newGame.gameState();
call    0 returned 1
branch  1 taken 1 (fallthrough)
branch  2 taken 0 (throw)
        1:  185:	ASSERT_EQ(res, O);
call    0 returned 1
branch  1 taken 1 (fallthrough)
branch  2 taken 0 (throw)
call    3 returned 1
branch  4 taken 0 (fallthrough)
branch  5 taken 1
call    6 never executed
branch  7 never executed
branch  8 never executed
call    9 never executed
call   10 never executed
branch 11 never executed
branch 12 never executed
call   13 never executed
branch 14 never executed
branch 15 never executed
call   16 never executed
call   17 never executed
call   18 returned 1
branch 19 taken 1
branch 20 taken 0
call   21 returned 1
branch 22 taken 1
branch 23 taken 0
call   24 never executed
call   25 never executed
call   26 never executed
        -:  186:}
        -:  187:
        -:  188://Test gameState, return O
function _ZN26PiezasTest_gameStateO_TestC2Ev called 1 returned 100% blocks executed 100%
function _ZN26PiezasTest_gameStateO_TestD0Ev called 1 returned 100% blocks executed 100%
function _ZN26PiezasTest_gameStateO_TestD2Ev called 1 returned 100% blocks executed 75%
function _ZN26PiezasTest_gameStateO_Test8TestBodyEv called 1 returned 100% blocks executed 60%
        5:  189:TEST(PiezasTest, gameStateO)
call    0 returned 1
call    1 returned 1
call    2 returned 1
call    3 returned 1
call    4 returned 1
call    5 returned 1
call    6 returned 1
call    7 returned 1
branch  8 taken 1 (fallthrough)
branch  9 taken 0 (throw)
call   10 returned 1
branch 11 taken 1 (fallthrough)
branch 12 taken 0 (throw)
call   13 returned 1
branch 14 taken 1 (fallthrough)
branch 15 taken 0 (throw)
call   16 returned 1
call   17 returned 1
call   18 returned 1
call   19 never executed
call   20 never executed
call   21 never executed
call   22 returned 1
call   23 returned 1
call   24 returned 1
branch 25 taken 0 (fallthrough)
branch 26 taken 1
call   27 never executed
        -:  190:{
        2:  191:  Piezas newGame;
call    0 returned 1
branch  1 taken 1 (fallthrough)
branch  2 taken 0 (throw)
call    3 never executed
        -:  192:  /*board = { {, , , },
        -:  193:              {, , , },
        -:  194:              {X, O, , }
        -:  195:          };*/
        -:  196:
        1:  197:  newGame.dropPiece(0);//X
call    0 returned 1
branch  1 taken 1 (fallthrough)
branch  2 taken 0 (throw)
        1:  198:  newGame.dropPiece(1);//O
call    0 returned 1
branch  1 taken 1 (fallthrough)
branch  2 taken 0 (throw)
        1:  199:  newGame.dropPiece(1);//X
call    0 returned 1
branch  1 taken 1 (fallthrough)
branch  2 taken 0 (throw)
        1:  200:  newGame.dropPiece(2);//O
call    0 returned 1
branch  1 taken 1 (fallthrough)
branch  2 taken 0 (throw)
        1:  201:  newGame.dropPiece(2);//X
call    0 returned 1
branch  1 taken 1 (fallthrough)
branch  2 taken 0 (throw)
        1:  202:  newGame.dropPiece(3);//O
call    0 returned 1
branch  1 taken 1 (fallthrough)
branch  2 taken 0 (throw)
        1:  203:  newGame.dropPiece(2);//X
call    0 returned 1
branch  1 taken 1 (fallthrough)
branch  2 taken 0 (throw)
        1:  204:  newGame.dropPiece(3);//O
call    0 returned 1
branch  1 taken 1 (fallthrough)
branch  2 taken 0 (throw)
        1:  205:  newGame.dropPiece(3);//X
call    0 returned 1
branch  1 taken 1 (fallthrough)
branch  2 taken 0 (throw)
        1:  206:  newGame.dropPiece(0);//O
call    0 returned 1
branch  1 taken 1 (fallthrough)
branch  2 taken 0 (throw)
        1:  207:  newGame.dropPiece(0);//X
call    0 returned 1
branch  1 taken 1 (fallthrough)
branch  2 taken 0 (throw)
        1:  208:  newGame.dropPiece(1);//O
call    0 returned 1
branch  1 taken 1 (fallthrough)
branch  2 taken 0 (throw)
        -:  209:
        1:  210:  Piece res = newGame.gameState();
call    0 returned 1
branch  1 taken 1 (fallthrough)
branch  2 taken 0 (throw)
        1:  211:	ASSERT_EQ(res, O);
call    0 returned 1
branch  1 taken 1 (fallthrough)
branch  2 taken 0 (throw)
call    3 returned 1
branch  4 taken 0 (fallthrough)
branch  5 taken 1
call    6 never executed
branch  7 never executed
branch  8 never executed
call    9 never executed
call   10 never executed
branch 11 never executed
branch 12 never executed
call   13 never executed
branch 14 never executed
branch 15 never executed
call   16 never executed
call   17 never executed
call   18 returned 1
branch 19 taken 1
branch 20 taken 0
call   21 returned 1
branch 22 taken 1
branch 23 taken 0
call   24 never executed
call   25 never executed
call   26 never executed
function _GLOBAL__sub_I__ZN27PiezasTest_sanityCheck_Test10test_info_E called 1 returned 100% blocks executed 100%
function _Z41__static_initialization_and_destruction_0ii called 1 returned 100% blocks executed 68%
        3:  212:}
call    0 returned 1
branch  1 taken 1 (fallthrough)
branch  2 taken 0
branch  3 taken 1 (fallthrough)
branch  4 taken 0
